<?xml version="1.0" encoding="UTF-8"?>
<!-- Generated by org.testng.reporters.JUnitReportReporter -->
<testsuite skipped="0" hostname="LAPTOP-HKG3O693" name="Jira.InnovectFirstProject.CreateJiraIssue" tests="1" failures="0" timestamp="2019-11-14T16:50:08 IST" time="1.540" errors="0">
  <testcase name="riseIssueInJira" time="1.540" classname="Jira.InnovectFirstProject.CreateJiraIssue"/>
</testsuite> <!-- Jira.InnovectFirstProject.CreateJiraIssue -->
